生成启动时间为 2013/6/29 17:03:19。
     1>项目“D:\研究生\课内\研一下\程考练习题\练习题\ColorBoard\ColorBoard\ColorBoard.vcxproj”在节点 2 上(build 个目标)。
     1>InitializeBuildStatus:
         正在创建“Debug\ColorBoard.unsuccessfulbuild”，因为已指定“AlwaysCreate”。
       ClCompile:
         D:\softwarePlace\Microsoft Visual Studio 10.0\VC\bin\CL.exe /c /ZI /nologo /W3 /WX- /Od /Oy- /D WIN32 /D _WINDOWS /D _DEBUG /D _MBCS /D _AFXDLL /Gm /EHsc /RTC1 /MDd /GS /fp:precise /Zc:wchar_t /Zc:forScope /Yc"StdAfx.h" /Fp"Debug\ColorBoard.pch" /Fo"Debug\\" /Fd"Debug\vc100.pdb" /Gd /TP /analyze- /errorReport:prompt stdafx.cpp
         stdafx.cpp
         D:\softwarePlace\Microsoft Visual Studio 10.0\VC\bin\CL.exe /c /ZI /nologo /W3 /WX- /Od /Oy- /D WIN32 /D _WINDOWS /D _DEBUG /D _MBCS /D _AFXDLL /Gm /EHsc /RTC1 /MDd /GS /fp:precise /Zc:wchar_t /Zc:forScope /Yu"StdAfx.h" /Fp"Debug\ColorBoard.pch" /Fo"Debug\\" /Fd"Debug\vc100.pdb" /Gd /TP /analyze- /errorReport:prompt Circle.cpp ColorBoard.cpp ColorBoardDoc.cpp ColorBoardView.cpp Geometry.cpp Line.cpp MainFrm.cpp Rectan.cpp
         Rectan.cpp
         MainFrm.cpp
         Line.cpp
         Geometry.cpp
         ColorBoardView.cpp
         ColorBoardDoc.cpp
         ColorBoard.cpp
         Circle.cpp
         正在生成代码...
       ResourceCompile:
         C:\Program Files\Microsoft SDKs\Windows\v7.0A\bin\rc.exe /D _DEBUG /D _AFXDLL /l"0x0804" /IDebug\ /nologo /fo"Debug\ColorBoard.res" ColorBoard.rc 
       ManifestResourceCompile:
         C:\Program Files\Microsoft SDKs\Windows\v7.0A\bin\rc.exe /nologo /fo"Debug\ColorBoard.exe.embed.manifest.res" Debug\ColorBoard_manifest.rc 
       Link:
         D:\softwarePlace\Microsoft Visual Studio 10.0\VC\bin\link.exe /ERRORREPORT:PROMPT /OUT:"D:\研究生\课内\研一下\程考练习题\练习题\ColorBoard\Debug\ColorBoard.exe" /INCREMENTAL /NOLOGO /MANIFEST /ManifestFile:"Debug\ColorBoard.exe.intermediate.manifest" /MANIFESTUAC:"level='asInvoker' uiAccess='false'" /DEBUG /PDB:"D:\研究生\课内\研一下\程考练习题\练习题\ColorBoard\Debug\ColorBoard.pdb" /SUBSYSTEM:WINDOWS /TLBID:1 /DYNAMICBASE /NXCOMPAT /IMPLIB:"D:\研究生\课内\研一下\程考练习题\练习题\ColorBoard\Debug\ColorBoard.lib" /MACHINE:X86 Debug\ColorBoard.res
         Debug\ColorBoard.exe.embed.manifest.res
         Debug\Circle.obj
         Debug\ColorBoard.obj
         Debug\ColorBoardDoc.obj
         Debug\ColorBoardView.obj
         Debug\Geometry.obj
         Debug\Line.obj
         Debug\MainFrm.obj
         Debug\Rectan.obj
         Debug\stdafx.obj
       Manifest:
         C:\Program Files\Microsoft SDKs\Windows\v7.0A\bin\mt.exe /nologo /verbose /out:"Debug\ColorBoard.exe.embed.manifest" /manifest Debug\ColorBoard.exe.intermediate.manifest "D:\softwarePlace\Microsoft Visual Studio 10.0\VC\Include\Manifest\dpiaware.manifest"
         所有输出均为最新。
       LinkEmbedManifest:
         所有输出均为最新。
         ColorBoard.vcxproj -> D:\研究生\课内\研一下\程考练习题\练习题\ColorBoard\Debug\ColorBoard.exe
       FinalizeBuildStatus:
         正在删除文件“Debug\ColorBoard.unsuccessfulbuild”。
         正在对“Debug\ColorBoard.lastbuildstate”执行 Touch 任务。
     1>已完成生成项目“D:\研究生\课内\研一下\程考练习题\练习题\ColorBoard\ColorBoard\ColorBoard.vcxproj”(build 个目标)的操作。

生成成功。

已用时间 00:00:06.03
