生成启动时间为 2013/6/30 10:58:25。
     1>项目“D:\研究生\课内\研一下\程考练习题\练习题\Calculator\Calculator1\Calculator1.vcxproj”在节点 2 上(build 个目标)。
     1>InitializeBuildStatus:
         正在创建“Debug\Calculator1.unsuccessfulbuild”，因为已指定“AlwaysCreate”。
       ClCompile:
         D:\softwarePlace\Microsoft Visual Studio 10.0\VC\bin\CL.exe /c /ZI /nologo /W3 /WX- /Od /Oy- /D WIN32 /D _WINDOWS /D _DEBUG /D _MBCS /D _AFXDLL /Gm /EHsc /RTC1 /MDd /GS /fp:precise /Zc:wchar_t /Zc:forScope /Yc"StdAfx.h" /Fp"Debug\Calculator1.pch" /Fo"Debug\\" /Fd"Debug\vc100.pdb" /Gd /TP /analyze- /errorReport:prompt stdafx.cpp
         stdafx.cpp
         D:\softwarePlace\Microsoft Visual Studio 10.0\VC\bin\CL.exe /c /ZI /nologo /W3 /WX- /Od /Oy- /D WIN32 /D _WINDOWS /D _DEBUG /D _MBCS /D _AFXDLL /Gm /EHsc /RTC1 /MDd /GS /fp:precise /Zc:wchar_t /Zc:forScope /Yu"StdAfx.h" /Fp"Debug\Calculator1.pch" /Fo"Debug\\" /Fd"Debug\vc100.pdb" /Gd /TP /analyze- /errorReport:prompt Calculator1.cpp Calculator1Dlg.cpp
         Calculator1Dlg.cpp
         Calculator1.cpp
         正在生成代码...
       ResourceCompile:
         C:\Program Files\Microsoft SDKs\Windows\v7.0A\bin\rc.exe /D _DEBUG /D _AFXDLL /l"0x0804" /IDebug\ /nologo /fo"Debug\Calculator1.res" Calculator1.rc 
       ManifestResourceCompile:
         C:\Program Files\Microsoft SDKs\Windows\v7.0A\bin\rc.exe /nologo /fo"Debug\Calculator1.exe.embed.manifest.res" Debug\Calculator1_manifest.rc 
       Link:
         D:\softwarePlace\Microsoft Visual Studio 10.0\VC\bin\link.exe /ERRORREPORT:PROMPT /OUT:"D:\研究生\课内\研一下\程考练习题\练习题\Calculator\Debug\Calculator1.exe" /INCREMENTAL /NOLOGO /MANIFEST /ManifestFile:"Debug\Calculator1.exe.intermediate.manifest" /MANIFESTUAC:"level='asInvoker' uiAccess='false'" /DEBUG /PDB:"D:\研究生\课内\研一下\程考练习题\练习题\Calculator\Debug\Calculator1.pdb" /SUBSYSTEM:WINDOWS /TLBID:1 /DYNAMICBASE /NXCOMPAT /IMPLIB:"D:\研究生\课内\研一下\程考练习题\练习题\Calculator\Debug\Calculator1.lib" /MACHINE:X86 Debug\Calculator1.res
         Debug\Calculator1.exe.embed.manifest.res
         Debug\Calculator1.obj
         Debug\Calculator1Dlg.obj
         Debug\stdafx.obj
       Manifest:
         C:\Program Files\Microsoft SDKs\Windows\v7.0A\bin\mt.exe /nologo /verbose /out:"Debug\Calculator1.exe.embed.manifest" /manifest Debug\Calculator1.exe.intermediate.manifest "D:\softwarePlace\Microsoft Visual Studio 10.0\VC\Include\Manifest\dpiaware.manifest"
         所有输出均为最新。
       LinkEmbedManifest:
         所有输出均为最新。
         Calculator1.vcxproj -> D:\研究生\课内\研一下\程考练习题\练习题\Calculator\Debug\Calculator1.exe
       FinalizeBuildStatus:
         正在删除文件“Debug\Calculator1.unsuccessfulbuild”。
         正在对“Debug\Calculator1.lastbuildstate”执行 Touch 任务。
     1>已完成生成项目“D:\研究生\课内\研一下\程考练习题\练习题\Calculator\Calculator1\Calculator1.vcxproj”(build 个目标)的操作。

生成成功。

已用时间 00:00:11.32
