D:\研究生\课内\研一下\程考练习题\练习题\八皇后\Debug\八皇后.pdb
D:\研究生\课内\研一下\程考练习题\练习题\八皇后\八皇后\Debug\cl.command.1.tlog
D:\研究生\课内\研一下\程考练习题\练习题\八皇后\八皇后\Debug\CL.read.1.tlog
D:\研究生\课内\研一下\程考练习题\练习题\八皇后\八皇后\Debug\CL.write.1.tlog
D:\研究生\课内\研一下\程考练习题\练习题\八皇后\八皇后\Debug\link.2824.read.1.tlog
D:\研究生\课内\研一下\程考练习题\练习题\八皇后\八皇后\Debug\link.2824.write.1.tlog
D:\研究生\课内\研一下\程考练习题\练习题\八皇后\八皇后\Debug\link.2824-cvtres.read.1.tlog
D:\研究生\课内\研一下\程考练习题\练习题\八皇后\八皇后\Debug\link.2824-cvtres.write.1.tlog
D:\研究生\课内\研一下\程考练习题\练习题\八皇后\八皇后\Debug\link.4180.read.1.tlog
D:\研究生\课内\研一下\程考练习题\练习题\八皇后\八皇后\Debug\link.4180.write.1.tlog
D:\研究生\课内\研一下\程考练习题\练习题\八皇后\八皇后\Debug\link.4180-cvtres.read.1.tlog
D:\研究生\课内\研一下\程考练习题\练习题\八皇后\八皇后\Debug\link.4180-cvtres.write.1.tlog
D:\研究生\课内\研一下\程考练习题\练习题\八皇后\八皇后\Debug\link.6780.read.1.tlog
D:\研究生\课内\研一下\程考练习题\练习题\八皇后\八皇后\Debug\link.6780.write.1.tlog
D:\研究生\课内\研一下\程考练习题\练习题\八皇后\八皇后\Debug\link.6780-cvtres.read.1.tlog
D:\研究生\课内\研一下\程考练习题\练习题\八皇后\八皇后\Debug\link.6780-cvtres.write.1.tlog
D:\研究生\课内\研一下\程考练习题\练习题\八皇后\八皇后\Debug\link.6976.read.1.tlog
D:\研究生\课内\研一下\程考练习题\练习题\八皇后\八皇后\Debug\link.6976.write.1.tlog
D:\研究生\课内\研一下\程考练习题\练习题\八皇后\八皇后\Debug\link.6976-cvtres.read.1.tlog
D:\研究生\课内\研一下\程考练习题\练习题\八皇后\八皇后\Debug\link.6976-cvtres.write.1.tlog
D:\研究生\课内\研一下\程考练习题\练习题\八皇后\八皇后\Debug\link.command.1.tlog
D:\研究生\课内\研一下\程考练习题\练习题\八皇后\八皇后\Debug\link.read.1.tlog
D:\研究生\课内\研一下\程考练习题\练习题\八皇后\八皇后\Debug\link.write.1.tlog
D:\研究生\课内\研一下\程考练习题\练习题\八皇后\八皇后\Debug\link-cvtres.read.1.tlog
D:\研究生\课内\研一下\程考练习题\练习题\八皇后\八皇后\Debug\link-cvtres.write.1.tlog
D:\研究生\课内\研一下\程考练习题\练习题\八皇后\八皇后\Debug\mt.command.1.tlog
D:\研究生\课内\研一下\程考练习题\练习题\八皇后\八皇后\Debug\mt.read.1.tlog
D:\研究生\课内\研一下\程考练习题\练习题\八皇后\八皇后\Debug\mt.write.1.tlog
D:\研究生\课内\研一下\程考练习题\练习题\八皇后\八皇后\Debug\rc.command.1.tlog
D:\研究生\课内\研一下\程考练习题\练习题\八皇后\八皇后\Debug\rc.read.1.tlog
D:\研究生\课内\研一下\程考练习题\练习题\八皇后\八皇后\Debug\rc.write.1.tlog
D:\研究生\课内\研一下\程考练习题\练习题\八皇后\八皇后\DEBUG\STDAFX.OBJ
D:\研究生\课内\研一下\程考练习题\练习题\八皇后\八皇后\Debug\vc100.idb
D:\研究生\课内\研一下\程考练习题\练习题\八皇后\八皇后\DEBUG\VC100.PDB
D:\研究生\课内\研一下\程考练习题\练习题\八皇后\八皇后\DEBUG\八皇后.EXE.EMBED.MANIFEST
D:\研究生\课内\研一下\程考练习题\练习题\八皇后\八皇后\DEBUG\八皇后.EXE.EMBED.MANIFEST.RES
D:\研究生\课内\研一下\程考练习题\练习题\八皇后\八皇后\Debug\八皇后.exe.intermediate.manifest
D:\研究生\课内\研一下\程考练习题\练习题\八皇后\八皇后\DEBUG\八皇后.OBJ
D:\研究生\课内\研一下\程考练习题\练习题\八皇后\八皇后\DEBUG\八皇后.PCH
D:\研究生\课内\研一下\程考练习题\练习题\八皇后\八皇后\DEBUG\八皇后.RES
D:\研究生\课内\研一下\程考练习题\练习题\八皇后\八皇后\Debug\八皇后_manifest.rc
